\BOOKMARK [0][-]{section*.3}{目 录}{}% 1
\BOOKMARK [0][-]{section*.5}{图形列表}{}% 2
\BOOKMARK [0][-]{section*.7}{表格列表}{}% 3
\BOOKMARK [0][-]{chapter*.9}{符号列表}{}% 4
\BOOKMARK [0][-]{chapter.1}{第1章  绪论}{}% 5
\BOOKMARK [1][-]{section.1.1}{1.1 研究背景及现实意义}{chapter.1}% 6
\BOOKMARK [1][-]{section.1.2}{1.2 国内外研究现状}{chapter.1}% 7
\BOOKMARK [1][-]{section.1.3}{1.3 创新点及全文结构}{chapter.1}% 8
\BOOKMARK [1][-]{section.1.4}{1.4 论文的章节安排}{chapter.1}% 9
\BOOKMARK [0][-]{chapter.2}{第2章  相关知识}{}% 10
\BOOKMARK [1][-]{section.2.1}{2.1 深度卷积神经网络的组件}{chapter.2}% 11
\BOOKMARK [1][-]{section.2.2}{2.2 AAM模型和CLM模型}{chapter.2}% 12
\BOOKMARK [1][-]{section.2.3}{2.3 小结与讨论}{chapter.2}% 13
\BOOKMARK [0][-]{chapter.3}{第3章  超声心动图切面的自动识别方法}{}% 14
\BOOKMARK [1][-]{section.3.1}{3.1 Deep-Echo模型}{chapter.3}% 15
\BOOKMARK [1][-]{section.3.2}{3.2 实验结果和分析}{chapter.3}% 16
\BOOKMARK [1][-]{section.3.3}{3.3 小结与讨论}{chapter.3}% 17
\BOOKMARK [0][-]{chapter.4}{第4章  空间金字塔分解的深度可视化方法}{}% 18
\BOOKMARK [1][-]{section.4.1}{4.1 可视化方法的数学模型}{chapter.4}% 19
\BOOKMARK [1][-]{section.4.2}{4.2 梯度更新的可视化方法}{chapter.4}% 20
\BOOKMARK [1][-]{section.4.3}{4.3 空间金字塔分解}{chapter.4}% 21
\BOOKMARK [1][-]{section.4.4}{4.4 实验结果分析和讨论}{chapter.4}% 22
\BOOKMARK [1][-]{section.4.5}{4.5 小结与讨论}{chapter.4}% 23
\BOOKMARK [0][-]{chapter.5}{第5章  心室的计算机辅助检测方法}{}% 24
\BOOKMARK [1][-]{section.5.1}{5.1 区域卷积神经网络概览}{chapter.5}% 25
\BOOKMARK [1][-]{section.5.2}{5.2 候选区域生成网络及其改进}{chapter.5}% 26
\BOOKMARK [1][-]{section.5.3}{5.3 实验结果分析和讨论}{chapter.5}% 27
\BOOKMARK [1][-]{section.5.4}{5.4 小结与讨论}{chapter.5}% 28
\BOOKMARK [0][-]{chapter.6}{第6章  图像的去噪方法}{}% 29
\BOOKMARK [1][-]{section.6.1}{6.1 相关工作}{chapter.6}% 30
\BOOKMARK [1][-]{section.6.2}{6.2 提出方法}{chapter.6}% 31
\BOOKMARK [1][-]{section.6.3}{6.3 实验结果分析和讨论}{chapter.6}% 32
\BOOKMARK [1][-]{section.6.4}{6.4 小结与讨论}{chapter.6}% 33
\BOOKMARK [0][-]{chapter.7}{第7章  形状对齐的心室的分割方法}{}% 34
\BOOKMARK [1][-]{section.7.1}{7.1 初始位置定位和特征点标注}{chapter.7}% 35
\BOOKMARK [1][-]{section.7.2}{7.2 结合卷积网络特征的形状对齐模型}{chapter.7}% 36
\BOOKMARK [1][-]{section.7.3}{7.3 实验结果分析和讨论}{chapter.7}% 37
\BOOKMARK [1][-]{section.7.4}{7.4 小结与讨论}{chapter.7}% 38
\BOOKMARK [0][-]{chapter.8}{第8章  总结与展望}{}% 39
\BOOKMARK [0][-]{section*.46}{参考文献}{}% 40
\BOOKMARK [0][-]{chapter*.48}{攻读学位期间发表的学术论文与科研成果}{}% 41
\BOOKMARK [0][-]{chapter*.55}{致 谢}{}% 42
